<?xml version="1.0" encoding="UTF-8"?>
<testsuite xmlns:xsi="http://www.w3.org/2001/XMLSchema-instance" xsi:noNamespaceSchemaLocation="https://maven.apache.org/surefire/maven-surefire-plugin/xsd/surefire-test-report-3.0.xsd" version="3.0" name="com.porphyriussoftware.StringSanitizerTest" time="0.035" tests="8" errors="0" skipped="0" failures="0">
  <properties>
[...]
</properties>
  <testcase name="collapsesMultipleSpaces" classname="com.porphyriussoftware.StringSanitizerTest" time="0.012">
    <system-out><![CDATA[🔥 &amp#27;[32mPASS&amp#27;[0m: collapsesMultipleSpaces() (11 ms)
]]></system-out>
  </testcase>
  <testcase name="doesNotThrowOnWeirdUnicode" classname="com.porphyriussoftware.StringSanitizerTest" time="0.005">
    <system-out><![CDATA[🔥 &amp#27;[32mPASS&amp#27;[0m: doesNotThrowOnWeirdUnicode() (5 ms)
]]></system-out>
  </testcase>
  <testcase name="trimsWhitespace" classname="com.porphyriussoftware.StringSanitizerTest" time="0.003">
    <system-out><![CDATA[🔥 &amp#27;[32mPASS&amp#27;[0m: trimsWhitespace() (0 ms)
]]></system-out>
  </testcase>
  <testcase name="returnsNullForNullInput" classname="com.porphyriussoftware.StringSanitizerTest" time="0.003">
    <system-out><![CDATA[🔥 &amp#27;[32mPASS&amp#27;[0m: returnsNullForNullInput() (0 ms)
]]></system-out>
  </testcase>
  <testcase name="returnsNullForEmptyAfterCleaning" classname="com.porphyriussoftware.StringSanitizerTest" time="0.001">
    <system-out><![CDATA[🔥 &amp#27;[32mPASS&amp#27;[0m: returnsNullForEmptyAfterCleaning() (1 ms)
]]></system-out>
  </testcase>
  <testcase name="removesNonPrintableCharactersAsSpaces" classname="com.porphyriussoftware.StringSanitizerTest" time="0.001">
    <system-out><![CDATA[🔥 &amp#27;[32mPASS&amp#27;[0m: removesNonPrintableCharactersAsSpaces() (0 ms)
]]></system-out>
  </testcase>
  <testcase name="normalizesUnicode" classname="com.porphyriussoftware.StringSanitizerTest" time="0.001">
    <system-out><![CDATA[🔥 &amp#27;[32mPASS&amp#27;[0m: normalizesUnicode() (1 ms)
]]></system-out>
  </testcase>
  <testcase name="handlesMixedGarbage" classname="com.porphyriussoftware.StringSanitizerTest" time="0.002">
    <system-out><![CDATA[🔥 &amp#27;[32mPASS&amp#27;[0m: handlesMixedGarbage() (0 ms)
]]></system-out>
  </testcase>
</testsuite>