<?xml version="1.0" encoding="UTF-8"?>
<testsuite xmlns:xsi="http://www.w3.org/2001/XMLSchema-instance" xsi:noNamespaceSchemaLocation="https://maven.apache.org/surefire/maven-surefire-plugin/xsd/surefire-test-report-3.0.xsd" version="3.0" name="com.porphyriussoftware.StringSanitizerTest" time="0.055" tests="8" errors="0" skipped="0" failures="0">
  <properties>
[...]
</properties>
  <testcase name="collapsesMultipleSpaces" classname="com.porphyriussoftware.StringSanitizerTest" time="0.025"/>
  <testcase name="doesNotThrowOnWeirdUnicode" classname="com.porphyriussoftware.StringSanitizerTest" time="0.001"/>
  <testcase name="trimsWhitespace" classname="com.porphyriussoftware.StringSanitizerTest" time="0.0"/>
  <testcase name="returnsNullForNullInput" classname="com.porphyriussoftware.StringSanitizerTest" time="0.002"/>
  <testcase name="returnsNullForEmptyAfterCleaning" classname="com.porphyriussoftware.StringSanitizerTest" time="0.0"/>
  <testcase name="removesNonPrintableCharactersAsSpaces" classname="com.porphyriussoftware.StringSanitizerTest" time="0.0"/>
  <testcase name="normalizesUnicode" classname="com.porphyriussoftware.StringSanitizerTest" time="0.001"/>
  <testcase name="handlesMixedGarbage" classname="com.porphyriussoftware.StringSanitizerTest" time="0.0"/>
</testsuite>